<?xml version="1.0" encoding="UTF-8"?>
<testsuites>
  <testsuite name="" tests="245" assertions="433" errors="0" warnings="0" failures="7" skipped="0" time="105.885894">
    <testsuite name="Feature" tests="245" assertions="433" errors="0" warnings="0" failures="7" skipped="0" time="105.885894">
      <testsuite name="Tests\Feature\AttachmentTest" file="/home/ayoub/Projects/BEWEB/invoicefit/api/tests/Feature/AttachmentTest.php" tests="12" assertions="16" errors="0" warnings="0" failures="4" skipped="0" time="65.860410">
        <testcase name="test_datatable_can_be_created" class="Tests\Feature\AttachmentTest" classname="Tests.Feature.AttachmentTest" file="/home/ayoub/Projects/BEWEB/invoicefit/api/tests/Feature/AttachmentTest.php" line="7" assertions="1" time="62.994397"/>
        <testcase name="test_index" class="Tests\Feature\AttachmentTest" classname="Tests.Feature.AttachmentTest" file="/home/ayoub/Projects/BEWEB/invoicefit/api/tests/Feature/AttachmentTest.php" line="13" assertions="2" time="0.269235"/>
        <testcase name="test_show" class="Tests\Feature\AttachmentTest" classname="Tests.Feature.AttachmentTest" file="/home/ayoub/Projects/BEWEB/invoicefit/api/tests/Feature/AttachmentTest.php" line="20" assertions="1" time="0.264597">
          <failure type="PHPUnit\Framework\ExpectationFailedException">Tests\Feature\AttachmentTest::test_show
Response status code [404] does not match expected 200 status code.
  Failed asserting that false is true.

/home/ayoub/Projects/BEWEB/invoicefit/api/vendor/laravel/framework/src/Illuminate/Testing/TestResponse.php:90
/home/ayoub/Projects/BEWEB/invoicefit/api/app/Traits/HasCrudTest.php:24</failure>
        </testcase>
        <testcase name="test_cannot_show_not_found" class="Tests\Feature\AttachmentTest" classname="Tests.Feature.AttachmentTest" file="/home/ayoub/Projects/BEWEB/invoicefit/api/tests/Feature/AttachmentTest.php" line="28" assertions="1" time="0.231863"/>
        <testcase name="test_store_valid_data" class="Tests\Feature\AttachmentTest" classname="Tests.Feature.AttachmentTest" file="/home/ayoub/Projects/BEWEB/invoicefit/api/tests/Feature/AttachmentTest.php" line="34" assertions="2" time="0.270350"/>
        <testcase name="test_cannot_store_invalid_data" class="Tests\Feature\AttachmentTest" classname="Tests.Feature.AttachmentTest" file="/home/ayoub/Projects/BEWEB/invoicefit/api/tests/Feature/AttachmentTest.php" line="46" assertions="1" time="0.215619"/>
        <testcase name="test_cannot_sotre_data_as_unauthentified" class="Tests\Feature\AttachmentTest" classname="Tests.Feature.AttachmentTest" file="/home/ayoub/Projects/BEWEB/invoicefit/api/tests/Feature/AttachmentTest.php" line="54" assertions="2" time="0.264789"/>
        <testcase name="test_update_valid_data" class="Tests\Feature\AttachmentTest" classname="Tests.Feature.AttachmentTest" file="/home/ayoub/Projects/BEWEB/invoicefit/api/tests/Feature/AttachmentTest.php" line="65" assertions="1" time="0.361634">
          <failure type="PHPUnit\Framework\ExpectationFailedException">Tests\Feature\AttachmentTest::test_update_valid_data
Response status code [404] is not a successful status code.
  Failed asserting that false is true.

/home/ayoub/Projects/BEWEB/invoicefit/api/vendor/laravel/framework/src/Illuminate/Testing/TestResponse.php:75
/home/ayoub/Projects/BEWEB/invoicefit/api/app/Traits/HasCrudTest.php:71</failure>
        </testcase>
        <testcase name="test_cannot_update_invalid_data" class="Tests\Feature\AttachmentTest" classname="Tests.Feature.AttachmentTest" file="/home/ayoub/Projects/BEWEB/invoicefit/api/tests/Feature/AttachmentTest.php" line="75" assertions="1" time="0.232737">
          <failure type="PHPUnit\Framework\ExpectationFailedException">Tests\Feature\AttachmentTest::test_cannot_update_invalid_data
Expected status code 400 but received 404.
  Failed asserting that 400 is identical to 404.

/home/ayoub/Projects/BEWEB/invoicefit/api/vendor/laravel/framework/src/Illuminate/Testing/TestResponse.php:187
/home/ayoub/Projects/BEWEB/invoicefit/api/app/Traits/HasCrudTest.php:81</failure>
        </testcase>
        <testcase name="test_cannot_update_as_unauthentified" class="Tests\Feature\AttachmentTest" classname="Tests.Feature.AttachmentTest" file="/home/ayoub/Projects/BEWEB/invoicefit/api/tests/Feature/AttachmentTest.php" line="84" assertions="1" time="0.247875"/>
        <testcase name="test_delete" class="Tests\Feature\AttachmentTest" classname="Tests.Feature.AttachmentTest" file="/home/ayoub/Projects/BEWEB/invoicefit/api/tests/Feature/AttachmentTest.php" line="92" assertions="1" time="0.254720">
          <failure type="PHPUnit\Framework\ExpectationFailedException">Tests\Feature\AttachmentTest::test_delete
Response status code [404] is not a successful status code.
  Failed asserting that false is true.

/home/ayoub/Projects/BEWEB/invoicefit/api/vendor/laravel/framework/src/Illuminate/Testing/TestResponse.php:75
/home/ayoub/Projects/BEWEB/invoicefit/api/app/Traits/HasCrudTest.php:98</failure>
        </testcase>
        <testcase name="test_cannot_delete_as_unauthentified" class="Tests\Feature\AttachmentTest" classname="Tests.Feature.AttachmentTest" file="/home/ayoub/Projects/BEWEB/invoicefit/api/tests/Feature/AttachmentTest.php" line="106" assertions="2" time="0.252592"/>
      </testsuite>
      <testsuite name="Tests\Feature\BankTest" file="/home/ayoub/Projects/BEWEB/invoicefit/api/tests/Feature/BankTest.php" tests="12" assertions="21" errors="0" warnings="0" failures="0" skipped="0" time="2.320830">
        <testcase name="test_datatable_can_be_created" class="Tests\Feature\BankTest" classname="Tests.Feature.BankTest" file="/home/ayoub/Projects/BEWEB/invoicefit/api/tests/Feature/BankTest.php" line="7" assertions="1" time="0.263094"/>
        <testcase name="test_index" class="Tests\Feature\BankTest" classname="Tests.Feature.BankTest" file="/home/ayoub/Projects/BEWEB/invoicefit/api/tests/Feature/BankTest.php" line="13" assertions="2" time="0.237754"/>
        <testcase name="test_show" class="Tests\Feature\BankTest" classname="Tests.Feature.BankTest" file="/home/ayoub/Projects/BEWEB/invoicefit/api/tests/Feature/BankTest.php" line="20" assertions="2" time="0.227423"/>
        <testcase name="test_cannot_show_not_found" class="Tests\Feature\BankTest" classname="Tests.Feature.BankTest" file="/home/ayoub/Projects/BEWEB/invoicefit/api/tests/Feature/BankTest.php" line="28" assertions="1" time="0.181776"/>
        <testcase name="test_store_valid_data" class="Tests\Feature\BankTest" classname="Tests.Feature.BankTest" file="/home/ayoub/Projects/BEWEB/invoicefit/api/tests/Feature/BankTest.php" line="34" assertions="2" time="0.201601"/>
        <testcase name="test_cannot_store_invalid_data" class="Tests\Feature\BankTest" classname="Tests.Feature.BankTest" file="/home/ayoub/Projects/BEWEB/invoicefit/api/tests/Feature/BankTest.php" line="46" assertions="1" time="0.186467"/>
        <testcase name="test_cannot_sotre_data_as_unauthentified" class="Tests\Feature\BankTest" classname="Tests.Feature.BankTest" file="/home/ayoub/Projects/BEWEB/invoicefit/api/tests/Feature/BankTest.php" line="54" assertions="2" time="0.171719"/>
        <testcase name="test_update_valid_data" class="Tests\Feature\BankTest" classname="Tests.Feature.BankTest" file="/home/ayoub/Projects/BEWEB/invoicefit/api/tests/Feature/BankTest.php" line="65" assertions="2" time="0.185934"/>
        <testcase name="test_cannot_update_invalid_data" class="Tests\Feature\BankTest" classname="Tests.Feature.BankTest" file="/home/ayoub/Projects/BEWEB/invoicefit/api/tests/Feature/BankTest.php" line="75" assertions="1" time="0.161491"/>
        <testcase name="test_cannot_update_as_unauthentified" class="Tests\Feature\BankTest" classname="Tests.Feature.BankTest" file="/home/ayoub/Projects/BEWEB/invoicefit/api/tests/Feature/BankTest.php" line="84" assertions="1" time="0.149379"/>
        <testcase name="test_delete" class="Tests\Feature\BankTest" classname="Tests.Feature.BankTest" file="/home/ayoub/Projects/BEWEB/invoicefit/api/tests/Feature/BankTest.php" line="92" assertions="4" time="0.184703"/>
        <testcase name="test_cannot_delete_as_unauthentified" class="Tests\Feature\BankTest" classname="Tests.Feature.BankTest" file="/home/ayoub/Projects/BEWEB/invoicefit/api/tests/Feature/BankTest.php" line="106" assertions="2" time="0.169489"/>
      </testsuite>
      <testsuite name="Tests\Feature\CurrencyTest" file="/home/ayoub/Projects/BEWEB/invoicefit/api/tests/Feature/CurrencyTest.php" tests="12" assertions="21" errors="0" warnings="0" failures="0" skipped="0" time="1.954833">
        <testcase name="test_datatable_can_be_created" class="Tests\Feature\CurrencyTest" classname="Tests.Feature.CurrencyTest" file="/home/ayoub/Projects/BEWEB/invoicefit/api/tests/Feature/CurrencyTest.php" line="7" assertions="1" time="0.222455"/>
        <testcase name="test_index" class="Tests\Feature\CurrencyTest" classname="Tests.Feature.CurrencyTest" file="/home/ayoub/Projects/BEWEB/invoicefit/api/tests/Feature/CurrencyTest.php" line="13" assertions="2" time="0.163818"/>
        <testcase name="test_show" class="Tests\Feature\CurrencyTest" classname="Tests.Feature.CurrencyTest" file="/home/ayoub/Projects/BEWEB/invoicefit/api/tests/Feature/CurrencyTest.php" line="20" assertions="2" time="0.153346"/>
        <testcase name="test_cannot_show_not_found" class="Tests\Feature\CurrencyTest" classname="Tests.Feature.CurrencyTest" file="/home/ayoub/Projects/BEWEB/invoicefit/api/tests/Feature/CurrencyTest.php" line="28" assertions="1" time="0.156181"/>
        <testcase name="test_store_valid_data" class="Tests\Feature\CurrencyTest" classname="Tests.Feature.CurrencyTest" file="/home/ayoub/Projects/BEWEB/invoicefit/api/tests/Feature/CurrencyTest.php" line="34" assertions="2" time="0.164756"/>
        <testcase name="test_cannot_store_invalid_data" class="Tests\Feature\CurrencyTest" classname="Tests.Feature.CurrencyTest" file="/home/ayoub/Projects/BEWEB/invoicefit/api/tests/Feature/CurrencyTest.php" line="46" assertions="1" time="0.151758"/>
        <testcase name="test_cannot_sotre_data_as_unauthentified" class="Tests\Feature\CurrencyTest" classname="Tests.Feature.CurrencyTest" file="/home/ayoub/Projects/BEWEB/invoicefit/api/tests/Feature/CurrencyTest.php" line="54" assertions="2" time="0.157743"/>
        <testcase name="test_update_valid_data" class="Tests\Feature\CurrencyTest" classname="Tests.Feature.CurrencyTest" file="/home/ayoub/Projects/BEWEB/invoicefit/api/tests/Feature/CurrencyTest.php" line="65" assertions="2" time="0.166370"/>
        <testcase name="test_cannot_update_invalid_data" class="Tests\Feature\CurrencyTest" classname="Tests.Feature.CurrencyTest" file="/home/ayoub/Projects/BEWEB/invoicefit/api/tests/Feature/CurrencyTest.php" line="75" assertions="1" time="0.156335"/>
        <testcase name="test_cannot_update_as_unauthentified" class="Tests\Feature\CurrencyTest" classname="Tests.Feature.CurrencyTest" file="/home/ayoub/Projects/BEWEB/invoicefit/api/tests/Feature/CurrencyTest.php" line="84" assertions="1" time="0.141613"/>
        <testcase name="test_delete" class="Tests\Feature\CurrencyTest" classname="Tests.Feature.CurrencyTest" file="/home/ayoub/Projects/BEWEB/invoicefit/api/tests/Feature/CurrencyTest.php" line="92" assertions="4" time="0.172466"/>
        <testcase name="test_cannot_delete_as_unauthentified" class="Tests\Feature\CurrencyTest" classname="Tests.Feature.CurrencyTest" file="/home/ayoub/Projects/BEWEB/invoicefit/api/tests/Feature/CurrencyTest.php" line="106" assertions="2" time="0.147992"/>
      </testsuite>
      <testsuite name="Tests\Feature\CustomFieldTest" file="/home/ayoub/Projects/BEWEB/invoicefit/api/tests/Feature/CustomFieldTest.php" tests="12" assertions="21" errors="0" warnings="0" failures="0" skipped="0" time="2.192502">
        <testcase name="test_datatable_can_be_created" class="Tests\Feature\CustomFieldTest" classname="Tests.Feature.CustomFieldTest" file="/home/ayoub/Projects/BEWEB/invoicefit/api/tests/Feature/CustomFieldTest.php" line="7" assertions="1" time="0.207553"/>
        <testcase name="test_index" class="Tests\Feature\CustomFieldTest" classname="Tests.Feature.CustomFieldTest" file="/home/ayoub/Projects/BEWEB/invoicefit/api/tests/Feature/CustomFieldTest.php" line="13" assertions="2" time="0.207815"/>
        <testcase name="test_show" class="Tests\Feature\CustomFieldTest" classname="Tests.Feature.CustomFieldTest" file="/home/ayoub/Projects/BEWEB/invoicefit/api/tests/Feature/CustomFieldTest.php" line="20" assertions="2" time="0.178525"/>
        <testcase name="test_cannot_show_not_found" class="Tests\Feature\CustomFieldTest" classname="Tests.Feature.CustomFieldTest" file="/home/ayoub/Projects/BEWEB/invoicefit/api/tests/Feature/CustomFieldTest.php" line="28" assertions="1" time="0.170890"/>
        <testcase name="test_store_valid_data" class="Tests\Feature\CustomFieldTest" classname="Tests.Feature.CustomFieldTest" file="/home/ayoub/Projects/BEWEB/invoicefit/api/tests/Feature/CustomFieldTest.php" line="34" assertions="2" time="0.192742"/>
        <testcase name="test_cannot_store_invalid_data" class="Tests\Feature\CustomFieldTest" classname="Tests.Feature.CustomFieldTest" file="/home/ayoub/Projects/BEWEB/invoicefit/api/tests/Feature/CustomFieldTest.php" line="46" assertions="1" time="0.165653"/>
        <testcase name="test_cannot_sotre_data_as_unauthentified" class="Tests\Feature\CustomFieldTest" classname="Tests.Feature.CustomFieldTest" file="/home/ayoub/Projects/BEWEB/invoicefit/api/tests/Feature/CustomFieldTest.php" line="54" assertions="2" time="0.156527"/>
        <testcase name="test_update_valid_data" class="Tests\Feature\CustomFieldTest" classname="Tests.Feature.CustomFieldTest" file="/home/ayoub/Projects/BEWEB/invoicefit/api/tests/Feature/CustomFieldTest.php" line="65" assertions="2" time="0.233407"/>
        <testcase name="test_cannot_update_invalid_data" class="Tests\Feature\CustomFieldTest" classname="Tests.Feature.CustomFieldTest" file="/home/ayoub/Projects/BEWEB/invoicefit/api/tests/Feature/CustomFieldTest.php" line="75" assertions="1" time="0.175971"/>
        <testcase name="test_cannot_update_as_unauthentified" class="Tests\Feature\CustomFieldTest" classname="Tests.Feature.CustomFieldTest" file="/home/ayoub/Projects/BEWEB/invoicefit/api/tests/Feature/CustomFieldTest.php" line="84" assertions="1" time="0.155831"/>
        <testcase name="test_delete" class="Tests\Feature\CustomFieldTest" classname="Tests.Feature.CustomFieldTest" file="/home/ayoub/Projects/BEWEB/invoicefit/api/tests/Feature/CustomFieldTest.php" line="92" assertions="4" time="0.186110"/>
        <testcase name="test_cannot_delete_as_unauthentified" class="Tests\Feature\CustomFieldTest" classname="Tests.Feature.CustomFieldTest" file="/home/ayoub/Projects/BEWEB/invoicefit/api/tests/Feature/CustomFieldTest.php" line="106" assertions="2" time="0.161478"/>
      </testsuite>
      <testsuite name="Tests\Feature\CustomerContactTest" file="/home/ayoub/Projects/BEWEB/invoicefit/api/tests/Feature/CustomerContactTest.php" tests="12" assertions="20" errors="0" warnings="0" failures="1" skipped="0" time="3.391887">
        <testcase name="test_datatable_can_be_created" class="Tests\Feature\CustomerContactTest" classname="Tests.Feature.CustomerContactTest" file="/home/ayoub/Projects/BEWEB/invoicefit/api/tests/Feature/CustomerContactTest.php" line="7" assertions="1" time="0.300349"/>
        <testcase name="test_index" class="Tests\Feature\CustomerContactTest" classname="Tests.Feature.CustomerContactTest" file="/home/ayoub/Projects/BEWEB/invoicefit/api/tests/Feature/CustomerContactTest.php" line="13" assertions="2" time="0.222514"/>
        <testcase name="test_show" class="Tests\Feature\CustomerContactTest" classname="Tests.Feature.CustomerContactTest" file="/home/ayoub/Projects/BEWEB/invoicefit/api/tests/Feature/CustomerContactTest.php" line="20" assertions="2" time="0.235701"/>
        <testcase name="test_cannot_show_not_found" class="Tests\Feature\CustomerContactTest" classname="Tests.Feature.CustomerContactTest" file="/home/ayoub/Projects/BEWEB/invoicefit/api/tests/Feature/CustomerContactTest.php" line="28" assertions="1" time="0.245504"/>
        <testcase name="test_store_valid_data" class="Tests\Feature\CustomerContactTest" classname="Tests.Feature.CustomerContactTest" file="/home/ayoub/Projects/BEWEB/invoicefit/api/tests/Feature/CustomerContactTest.php" line="34" assertions="2" time="0.506263"/>
        <testcase name="test_cannot_store_invalid_data" class="Tests\Feature\CustomerContactTest" classname="Tests.Feature.CustomerContactTest" file="/home/ayoub/Projects/BEWEB/invoicefit/api/tests/Feature/CustomerContactTest.php" line="46" assertions="1" time="0.303715"/>
        <testcase name="test_cannot_sotre_data_as_unauthentified" class="Tests\Feature\CustomerContactTest" classname="Tests.Feature.CustomerContactTest" file="/home/ayoub/Projects/BEWEB/invoicefit/api/tests/Feature/CustomerContactTest.php" line="54" assertions="2" time="0.351446"/>
        <testcase name="test_update_valid_data" class="Tests\Feature\CustomerContactTest" classname="Tests.Feature.CustomerContactTest" file="/home/ayoub/Projects/BEWEB/invoicefit/api/tests/Feature/CustomerContactTest.php" line="65" assertions="1" time="0.246491">
          <failure type="PHPUnit\Framework\ExpectationFailedException">Tests\Feature\CustomerContactTest::test_update_valid_data
Response status code [400] is not a successful status code.
  Failed asserting that false is true.

/home/ayoub/Projects/BEWEB/invoicefit/api/vendor/laravel/framework/src/Illuminate/Testing/TestResponse.php:75
/home/ayoub/Projects/BEWEB/invoicefit/api/app/Traits/HasCrudTest.php:71</failure>
        </testcase>
        <testcase name="test_cannot_update_invalid_data" class="Tests\Feature\CustomerContactTest" classname="Tests.Feature.CustomerContactTest" file="/home/ayoub/Projects/BEWEB/invoicefit/api/tests/Feature/CustomerContactTest.php" line="75" assertions="1" time="0.231843"/>
        <testcase name="test_cannot_update_as_unauthentified" class="Tests\Feature\CustomerContactTest" classname="Tests.Feature.CustomerContactTest" file="/home/ayoub/Projects/BEWEB/invoicefit/api/tests/Feature/CustomerContactTest.php" line="84" assertions="1" time="0.244360"/>
        <testcase name="test_delete" class="Tests\Feature\CustomerContactTest" classname="Tests.Feature.CustomerContactTest" file="/home/ayoub/Projects/BEWEB/invoicefit/api/tests/Feature/CustomerContactTest.php" line="92" assertions="4" time="0.288744"/>
        <testcase name="test_cannot_delete_as_unauthentified" class="Tests\Feature\CustomerContactTest" classname="Tests.Feature.CustomerContactTest" file="/home/ayoub/Projects/BEWEB/invoicefit/api/tests/Feature/CustomerContactTest.php" line="106" assertions="2" time="0.214957"/>
      </testsuite>
      <testsuite name="Tests\Feature\CustomerGroupTest" file="/home/ayoub/Projects/BEWEB/invoicefit/api/tests/Feature/CustomerGroupTest.php" tests="12" assertions="21" errors="0" warnings="0" failures="0" skipped="0" time="1.930272">
        <testcase name="test_datatable_can_be_created" class="Tests\Feature\CustomerGroupTest" classname="Tests.Feature.CustomerGroupTest" file="/home/ayoub/Projects/BEWEB/invoicefit/api/tests/Feature/CustomerGroupTest.php" line="7" assertions="1" time="0.214359"/>
        <testcase name="test_index" class="Tests\Feature\CustomerGroupTest" classname="Tests.Feature.CustomerGroupTest" file="/home/ayoub/Projects/BEWEB/invoicefit/api/tests/Feature/CustomerGroupTest.php" line="13" assertions="2" time="0.161453"/>
        <testcase name="test_show" class="Tests\Feature\CustomerGroupTest" classname="Tests.Feature.CustomerGroupTest" file="/home/ayoub/Projects/BEWEB/invoicefit/api/tests/Feature/CustomerGroupTest.php" line="20" assertions="2" time="0.138956"/>
        <testcase name="test_cannot_show_not_found" class="Tests\Feature\CustomerGroupTest" classname="Tests.Feature.CustomerGroupTest" file="/home/ayoub/Projects/BEWEB/invoicefit/api/tests/Feature/CustomerGroupTest.php" line="28" assertions="1" time="0.151878"/>
        <testcase name="test_store_valid_data" class="Tests\Feature\CustomerGroupTest" classname="Tests.Feature.CustomerGroupTest" file="/home/ayoub/Projects/BEWEB/invoicefit/api/tests/Feature/CustomerGroupTest.php" line="34" assertions="2" time="0.151971"/>
        <testcase name="test_cannot_store_invalid_data" class="Tests\Feature\CustomerGroupTest" classname="Tests.Feature.CustomerGroupTest" file="/home/ayoub/Projects/BEWEB/invoicefit/api/tests/Feature/CustomerGroupTest.php" line="46" assertions="1" time="0.145956"/>
        <testcase name="test_cannot_sotre_data_as_unauthentified" class="Tests\Feature\CustomerGroupTest" classname="Tests.Feature.CustomerGroupTest" file="/home/ayoub/Projects/BEWEB/invoicefit/api/tests/Feature/CustomerGroupTest.php" line="54" assertions="2" time="0.164401"/>
        <testcase name="test_update_valid_data" class="Tests\Feature\CustomerGroupTest" classname="Tests.Feature.CustomerGroupTest" file="/home/ayoub/Projects/BEWEB/invoicefit/api/tests/Feature/CustomerGroupTest.php" line="65" assertions="2" time="0.166034"/>
        <testcase name="test_cannot_update_invalid_data" class="Tests\Feature\CustomerGroupTest" classname="Tests.Feature.CustomerGroupTest" file="/home/ayoub/Projects/BEWEB/invoicefit/api/tests/Feature/CustomerGroupTest.php" line="75" assertions="1" time="0.153321"/>
        <testcase name="test_cannot_update_as_unauthentified" class="Tests\Feature\CustomerGroupTest" classname="Tests.Feature.CustomerGroupTest" file="/home/ayoub/Projects/BEWEB/invoicefit/api/tests/Feature/CustomerGroupTest.php" line="84" assertions="1" time="0.152508"/>
        <testcase name="test_delete" class="Tests\Feature\CustomerGroupTest" classname="Tests.Feature.CustomerGroupTest" file="/home/ayoub/Projects/BEWEB/invoicefit/api/tests/Feature/CustomerGroupTest.php" line="92" assertions="4" time="0.178293"/>
        <testcase name="test_cannot_delete_as_unauthentified" class="Tests\Feature\CustomerGroupTest" classname="Tests.Feature.CustomerGroupTest" file="/home/ayoub/Projects/BEWEB/invoicefit/api/tests/Feature/CustomerGroupTest.php" line="106" assertions="2" time="0.151142"/>
      </testsuite>
      <testsuite name="Tests\Feature\CustomerTest" file="/home/ayoub/Projects/BEWEB/invoicefit/api/tests/Feature/CustomerTest.php" tests="12" assertions="21" errors="0" warnings="0" failures="0" skipped="0" time="2.565271">
        <testcase name="test_datatable_can_be_created" class="Tests\Feature\CustomerTest" classname="Tests.Feature.CustomerTest" file="/home/ayoub/Projects/BEWEB/invoicefit/api/tests/Feature/CustomerTest.php" line="7" assertions="1" time="0.275267"/>
        <testcase name="test_index" class="Tests\Feature\CustomerTest" classname="Tests.Feature.CustomerTest" file="/home/ayoub/Projects/BEWEB/invoicefit/api/tests/Feature/CustomerTest.php" line="13" assertions="2" time="0.198019"/>
        <testcase name="test_show" class="Tests\Feature\CustomerTest" classname="Tests.Feature.CustomerTest" file="/home/ayoub/Projects/BEWEB/invoicefit/api/tests/Feature/CustomerTest.php" line="20" assertions="2" time="0.181512"/>
        <testcase name="test_cannot_show_not_found" class="Tests\Feature\CustomerTest" classname="Tests.Feature.CustomerTest" file="/home/ayoub/Projects/BEWEB/invoicefit/api/tests/Feature/CustomerTest.php" line="28" assertions="1" time="0.184062"/>
        <testcase name="test_store_valid_data" class="Tests\Feature\CustomerTest" classname="Tests.Feature.CustomerTest" file="/home/ayoub/Projects/BEWEB/invoicefit/api/tests/Feature/CustomerTest.php" line="34" assertions="2" time="0.229894"/>
        <testcase name="test_cannot_store_invalid_data" class="Tests\Feature\CustomerTest" classname="Tests.Feature.CustomerTest" file="/home/ayoub/Projects/BEWEB/invoicefit/api/tests/Feature/CustomerTest.php" line="46" assertions="1" time="0.199030"/>
        <testcase name="test_cannot_sotre_data_as_unauthentified" class="Tests\Feature\CustomerTest" classname="Tests.Feature.CustomerTest" file="/home/ayoub/Projects/BEWEB/invoicefit/api/tests/Feature/CustomerTest.php" line="54" assertions="2" time="0.204564"/>
        <testcase name="test_update_valid_data" class="Tests\Feature\CustomerTest" classname="Tests.Feature.CustomerTest" file="/home/ayoub/Projects/BEWEB/invoicefit/api/tests/Feature/CustomerTest.php" line="65" assertions="2" time="0.220129"/>
        <testcase name="test_cannot_update_invalid_data" class="Tests\Feature\CustomerTest" classname="Tests.Feature.CustomerTest" file="/home/ayoub/Projects/BEWEB/invoicefit/api/tests/Feature/CustomerTest.php" line="75" assertions="1" time="0.230214"/>
        <testcase name="test_cannot_update_as_unauthentified" class="Tests\Feature\CustomerTest" classname="Tests.Feature.CustomerTest" file="/home/ayoub/Projects/BEWEB/invoicefit/api/tests/Feature/CustomerTest.php" line="84" assertions="1" time="0.246225"/>
        <testcase name="test_delete" class="Tests\Feature\CustomerTest" classname="Tests.Feature.CustomerTest" file="/home/ayoub/Projects/BEWEB/invoicefit/api/tests/Feature/CustomerTest.php" line="92" assertions="4" time="0.213954"/>
        <testcase name="test_cannot_delete_as_unauthentified" class="Tests\Feature\CustomerTest" classname="Tests.Feature.CustomerTest" file="/home/ayoub/Projects/BEWEB/invoicefit/api/tests/Feature/CustomerTest.php" line="106" assertions="2" time="0.182401"/>
      </testsuite>
      <testsuite name="Tests\Feature\DocumentTemplateTest" file="/home/ayoub/Projects/BEWEB/invoicefit/api/tests/Feature/DocumentTemplateTest.php" tests="12" assertions="21" errors="0" warnings="0" failures="0" skipped="0" time="2.311119">
        <testcase name="test_datatable_can_be_created" class="Tests\Feature\DocumentTemplateTest" classname="Tests.Feature.DocumentTemplateTest" file="/home/ayoub/Projects/BEWEB/invoicefit/api/tests/Feature/DocumentTemplateTest.php" line="7" assertions="1" time="0.243048"/>
        <testcase name="test_index" class="Tests\Feature\DocumentTemplateTest" classname="Tests.Feature.DocumentTemplateTest" file="/home/ayoub/Projects/BEWEB/invoicefit/api/tests/Feature/DocumentTemplateTest.php" line="13" assertions="2" time="0.177532"/>
        <testcase name="test_show" class="Tests\Feature\DocumentTemplateTest" classname="Tests.Feature.DocumentTemplateTest" file="/home/ayoub/Projects/BEWEB/invoicefit/api/tests/Feature/DocumentTemplateTest.php" line="20" assertions="2" time="0.192383"/>
        <testcase name="test_cannot_show_not_found" class="Tests\Feature\DocumentTemplateTest" classname="Tests.Feature.DocumentTemplateTest" file="/home/ayoub/Projects/BEWEB/invoicefit/api/tests/Feature/DocumentTemplateTest.php" line="28" assertions="1" time="0.163682"/>
        <testcase name="test_store_valid_data" class="Tests\Feature\DocumentTemplateTest" classname="Tests.Feature.DocumentTemplateTest" file="/home/ayoub/Projects/BEWEB/invoicefit/api/tests/Feature/DocumentTemplateTest.php" line="34" assertions="2" time="0.197015"/>
        <testcase name="test_cannot_store_invalid_data" class="Tests\Feature\DocumentTemplateTest" classname="Tests.Feature.DocumentTemplateTest" file="/home/ayoub/Projects/BEWEB/invoicefit/api/tests/Feature/DocumentTemplateTest.php" line="46" assertions="1" time="0.173389"/>
        <testcase name="test_cannot_sotre_data_as_unauthentified" class="Tests\Feature\DocumentTemplateTest" classname="Tests.Feature.DocumentTemplateTest" file="/home/ayoub/Projects/BEWEB/invoicefit/api/tests/Feature/DocumentTemplateTest.php" line="54" assertions="2" time="0.193298"/>
        <testcase name="test_update_valid_data" class="Tests\Feature\DocumentTemplateTest" classname="Tests.Feature.DocumentTemplateTest" file="/home/ayoub/Projects/BEWEB/invoicefit/api/tests/Feature/DocumentTemplateTest.php" line="65" assertions="2" time="0.199363"/>
        <testcase name="test_cannot_update_invalid_data" class="Tests\Feature\DocumentTemplateTest" classname="Tests.Feature.DocumentTemplateTest" file="/home/ayoub/Projects/BEWEB/invoicefit/api/tests/Feature/DocumentTemplateTest.php" line="75" assertions="1" time="0.193655"/>
        <testcase name="test_cannot_update_as_unauthentified" class="Tests\Feature\DocumentTemplateTest" classname="Tests.Feature.DocumentTemplateTest" file="/home/ayoub/Projects/BEWEB/invoicefit/api/tests/Feature/DocumentTemplateTest.php" line="84" assertions="1" time="0.178046"/>
        <testcase name="test_delete" class="Tests\Feature\DocumentTemplateTest" classname="Tests.Feature.DocumentTemplateTest" file="/home/ayoub/Projects/BEWEB/invoicefit/api/tests/Feature/DocumentTemplateTest.php" line="92" assertions="4" time="0.205426"/>
        <testcase name="test_cannot_delete_as_unauthentified" class="Tests\Feature\DocumentTemplateTest" classname="Tests.Feature.DocumentTemplateTest" file="/home/ayoub/Projects/BEWEB/invoicefit/api/tests/Feature/DocumentTemplateTest.php" line="106" assertions="2" time="0.194283"/>
      </testsuite>
      <testsuite name="Tests\Feature\DocumentTest" file="/home/ayoub/Projects/BEWEB/invoicefit/api/tests/Feature/DocumentTest.php" tests="12" assertions="20" errors="0" warnings="0" failures="1" skipped="0" time="3.499304">
        <testcase name="test_datatable_can_be_created" class="Tests\Feature\DocumentTest" classname="Tests.Feature.DocumentTest" file="/home/ayoub/Projects/BEWEB/invoicefit/api/tests/Feature/DocumentTest.php" line="7" assertions="1" time="0.359065"/>
        <testcase name="test_index" class="Tests\Feature\DocumentTest" classname="Tests.Feature.DocumentTest" file="/home/ayoub/Projects/BEWEB/invoicefit/api/tests/Feature/DocumentTest.php" line="13" assertions="2" time="0.252728"/>
        <testcase name="test_show" class="Tests\Feature\DocumentTest" classname="Tests.Feature.DocumentTest" file="/home/ayoub/Projects/BEWEB/invoicefit/api/tests/Feature/DocumentTest.php" line="20" assertions="2" time="0.274474"/>
        <testcase name="test_cannot_show_not_found" class="Tests\Feature\DocumentTest" classname="Tests.Feature.DocumentTest" file="/home/ayoub/Projects/BEWEB/invoicefit/api/tests/Feature/DocumentTest.php" line="28" assertions="1" time="0.257073"/>
        <testcase name="test_store_valid_data" class="Tests\Feature\DocumentTest" classname="Tests.Feature.DocumentTest" file="/home/ayoub/Projects/BEWEB/invoicefit/api/tests/Feature/DocumentTest.php" line="34" assertions="2" time="0.289191"/>
        <testcase name="test_cannot_store_invalid_data" class="Tests\Feature\DocumentTest" classname="Tests.Feature.DocumentTest" file="/home/ayoub/Projects/BEWEB/invoicefit/api/tests/Feature/DocumentTest.php" line="46" assertions="1" time="0.310146"/>
        <testcase name="test_cannot_sotre_data_as_unauthentified" class="Tests\Feature\DocumentTest" classname="Tests.Feature.DocumentTest" file="/home/ayoub/Projects/BEWEB/invoicefit/api/tests/Feature/DocumentTest.php" line="54" assertions="2" time="0.306788"/>
        <testcase name="test_update_valid_data" class="Tests\Feature\DocumentTest" classname="Tests.Feature.DocumentTest" file="/home/ayoub/Projects/BEWEB/invoicefit/api/tests/Feature/DocumentTest.php" line="65" assertions="1" time="0.281910">
          <failure type="PHPUnit\Framework\ExpectationFailedException">Tests\Feature\DocumentTest::test_update_valid_data
Response status code [400] is not a successful status code.
  Failed asserting that false is true.

/home/ayoub/Projects/BEWEB/invoicefit/api/vendor/laravel/framework/src/Illuminate/Testing/TestResponse.php:75
/home/ayoub/Projects/BEWEB/invoicefit/api/app/Traits/HasCrudTest.php:71</failure>
        </testcase>
        <testcase name="test_cannot_update_invalid_data" class="Tests\Feature\DocumentTest" classname="Tests.Feature.DocumentTest" file="/home/ayoub/Projects/BEWEB/invoicefit/api/tests/Feature/DocumentTest.php" line="75" assertions="1" time="0.273192"/>
        <testcase name="test_cannot_update_as_unauthentified" class="Tests\Feature\DocumentTest" classname="Tests.Feature.DocumentTest" file="/home/ayoub/Projects/BEWEB/invoicefit/api/tests/Feature/DocumentTest.php" line="84" assertions="1" time="0.261940"/>
        <testcase name="test_delete" class="Tests\Feature\DocumentTest" classname="Tests.Feature.DocumentTest" file="/home/ayoub/Projects/BEWEB/invoicefit/api/tests/Feature/DocumentTest.php" line="92" assertions="4" time="0.265058"/>
        <testcase name="test_cannot_delete_as_unauthentified" class="Tests\Feature\DocumentTest" classname="Tests.Feature.DocumentTest" file="/home/ayoub/Projects/BEWEB/invoicefit/api/tests/Feature/DocumentTest.php" line="106" assertions="2" time="0.367739"/>
      </testsuite>
      <testsuite name="Tests\Feature\EmailTemplateTest" file="/home/ayoub/Projects/BEWEB/invoicefit/api/tests/Feature/EmailTemplateTest.php" tests="12" assertions="21" errors="0" warnings="0" failures="0" skipped="0" time="2.210515">
        <testcase name="test_datatable_can_be_created" class="Tests\Feature\EmailTemplateTest" classname="Tests.Feature.EmailTemplateTest" file="/home/ayoub/Projects/BEWEB/invoicefit/api/tests/Feature/EmailTemplateTest.php" line="7" assertions="1" time="0.289144"/>
        <testcase name="test_index" class="Tests\Feature\EmailTemplateTest" classname="Tests.Feature.EmailTemplateTest" file="/home/ayoub/Projects/BEWEB/invoicefit/api/tests/Feature/EmailTemplateTest.php" line="13" assertions="2" time="0.320231"/>
        <testcase name="test_show" class="Tests\Feature\EmailTemplateTest" classname="Tests.Feature.EmailTemplateTest" file="/home/ayoub/Projects/BEWEB/invoicefit/api/tests/Feature/EmailTemplateTest.php" line="20" assertions="2" time="0.226259"/>
        <testcase name="test_cannot_show_not_found" class="Tests\Feature\EmailTemplateTest" classname="Tests.Feature.EmailTemplateTest" file="/home/ayoub/Projects/BEWEB/invoicefit/api/tests/Feature/EmailTemplateTest.php" line="28" assertions="1" time="0.217056"/>
        <testcase name="test_store_valid_data" class="Tests\Feature\EmailTemplateTest" classname="Tests.Feature.EmailTemplateTest" file="/home/ayoub/Projects/BEWEB/invoicefit/api/tests/Feature/EmailTemplateTest.php" line="34" assertions="2" time="0.162244"/>
        <testcase name="test_cannot_store_invalid_data" class="Tests\Feature\EmailTemplateTest" classname="Tests.Feature.EmailTemplateTest" file="/home/ayoub/Projects/BEWEB/invoicefit/api/tests/Feature/EmailTemplateTest.php" line="46" assertions="1" time="0.203964"/>
        <testcase name="test_cannot_sotre_data_as_unauthentified" class="Tests\Feature\EmailTemplateTest" classname="Tests.Feature.EmailTemplateTest" file="/home/ayoub/Projects/BEWEB/invoicefit/api/tests/Feature/EmailTemplateTest.php" line="54" assertions="2" time="0.127678"/>
        <testcase name="test_update_valid_data" class="Tests\Feature\EmailTemplateTest" classname="Tests.Feature.EmailTemplateTest" file="/home/ayoub/Projects/BEWEB/invoicefit/api/tests/Feature/EmailTemplateTest.php" line="65" assertions="2" time="0.149998"/>
        <testcase name="test_cannot_update_invalid_data" class="Tests\Feature\EmailTemplateTest" classname="Tests.Feature.EmailTemplateTest" file="/home/ayoub/Projects/BEWEB/invoicefit/api/tests/Feature/EmailTemplateTest.php" line="75" assertions="1" time="0.139586"/>
        <testcase name="test_cannot_update_as_unauthentified" class="Tests\Feature\EmailTemplateTest" classname="Tests.Feature.EmailTemplateTest" file="/home/ayoub/Projects/BEWEB/invoicefit/api/tests/Feature/EmailTemplateTest.php" line="84" assertions="1" time="0.128080"/>
        <testcase name="test_delete" class="Tests\Feature\EmailTemplateTest" classname="Tests.Feature.EmailTemplateTest" file="/home/ayoub/Projects/BEWEB/invoicefit/api/tests/Feature/EmailTemplateTest.php" line="92" assertions="4" time="0.128337"/>
        <testcase name="test_cannot_delete_as_unauthentified" class="Tests\Feature\EmailTemplateTest" classname="Tests.Feature.EmailTemplateTest" file="/home/ayoub/Projects/BEWEB/invoicefit/api/tests/Feature/EmailTemplateTest.php" line="106" assertions="2" time="0.117936"/>
      </testsuite>
      <testsuite name="Tests\Feature\ExpenseCategoryTest" file="/home/ayoub/Projects/BEWEB/invoicefit/api/tests/Feature/ExpenseCategoryTest.php" tests="12" assertions="21" errors="0" warnings="0" failures="0" skipped="0" time="1.452785">
        <testcase name="test_datatable_can_be_created" class="Tests\Feature\ExpenseCategoryTest" classname="Tests.Feature.ExpenseCategoryTest" file="/home/ayoub/Projects/BEWEB/invoicefit/api/tests/Feature/ExpenseCategoryTest.php" line="7" assertions="1" time="0.124455"/>
        <testcase name="test_index" class="Tests\Feature\ExpenseCategoryTest" classname="Tests.Feature.ExpenseCategoryTest" file="/home/ayoub/Projects/BEWEB/invoicefit/api/tests/Feature/ExpenseCategoryTest.php" line="13" assertions="2" time="0.115775"/>
        <testcase name="test_show" class="Tests\Feature\ExpenseCategoryTest" classname="Tests.Feature.ExpenseCategoryTest" file="/home/ayoub/Projects/BEWEB/invoicefit/api/tests/Feature/ExpenseCategoryTest.php" line="20" assertions="2" time="0.104600"/>
        <testcase name="test_cannot_show_not_found" class="Tests\Feature\ExpenseCategoryTest" classname="Tests.Feature.ExpenseCategoryTest" file="/home/ayoub/Projects/BEWEB/invoicefit/api/tests/Feature/ExpenseCategoryTest.php" line="28" assertions="1" time="0.122349"/>
        <testcase name="test_store_valid_data" class="Tests\Feature\ExpenseCategoryTest" classname="Tests.Feature.ExpenseCategoryTest" file="/home/ayoub/Projects/BEWEB/invoicefit/api/tests/Feature/ExpenseCategoryTest.php" line="34" assertions="2" time="0.123230"/>
        <testcase name="test_cannot_store_invalid_data" class="Tests\Feature\ExpenseCategoryTest" classname="Tests.Feature.ExpenseCategoryTest" file="/home/ayoub/Projects/BEWEB/invoicefit/api/tests/Feature/ExpenseCategoryTest.php" line="46" assertions="1" time="0.118326"/>
        <testcase name="test_cannot_sotre_data_as_unauthentified" class="Tests\Feature\ExpenseCategoryTest" classname="Tests.Feature.ExpenseCategoryTest" file="/home/ayoub/Projects/BEWEB/invoicefit/api/tests/Feature/ExpenseCategoryTest.php" line="54" assertions="2" time="0.120761"/>
        <testcase name="test_update_valid_data" class="Tests\Feature\ExpenseCategoryTest" classname="Tests.Feature.ExpenseCategoryTest" file="/home/ayoub/Projects/BEWEB/invoicefit/api/tests/Feature/ExpenseCategoryTest.php" line="65" assertions="2" time="0.131117"/>
        <testcase name="test_cannot_update_invalid_data" class="Tests\Feature\ExpenseCategoryTest" classname="Tests.Feature.ExpenseCategoryTest" file="/home/ayoub/Projects/BEWEB/invoicefit/api/tests/Feature/ExpenseCategoryTest.php" line="75" assertions="1" time="0.113128"/>
        <testcase name="test_cannot_update_as_unauthentified" class="Tests\Feature\ExpenseCategoryTest" classname="Tests.Feature.ExpenseCategoryTest" file="/home/ayoub/Projects/BEWEB/invoicefit/api/tests/Feature/ExpenseCategoryTest.php" line="84" assertions="1" time="0.109913"/>
        <testcase name="test_delete" class="Tests\Feature\ExpenseCategoryTest" classname="Tests.Feature.ExpenseCategoryTest" file="/home/ayoub/Projects/BEWEB/invoicefit/api/tests/Feature/ExpenseCategoryTest.php" line="92" assertions="4" time="0.116329"/>
        <testcase name="test_cannot_delete_as_unauthentified" class="Tests\Feature\ExpenseCategoryTest" classname="Tests.Feature.ExpenseCategoryTest" file="/home/ayoub/Projects/BEWEB/invoicefit/api/tests/Feature/ExpenseCategoryTest.php" line="106" assertions="2" time="0.152802"/>
      </testsuite>
      <testsuite name="Tests\Feature\ExpenseTest" file="/home/ayoub/Projects/BEWEB/invoicefit/api/tests/Feature/ExpenseTest.php" tests="12" assertions="21" errors="0" warnings="0" failures="0" skipped="0" time="2.837272">
        <testcase name="test_datatable_can_be_created" class="Tests\Feature\ExpenseTest" classname="Tests.Feature.ExpenseTest" file="/home/ayoub/Projects/BEWEB/invoicefit/api/tests/Feature/ExpenseTest.php" line="7" assertions="1" time="0.253214"/>
        <testcase name="test_index" class="Tests\Feature\ExpenseTest" classname="Tests.Feature.ExpenseTest" file="/home/ayoub/Projects/BEWEB/invoicefit/api/tests/Feature/ExpenseTest.php" line="13" assertions="2" time="0.246612"/>
        <testcase name="test_show" class="Tests\Feature\ExpenseTest" classname="Tests.Feature.ExpenseTest" file="/home/ayoub/Projects/BEWEB/invoicefit/api/tests/Feature/ExpenseTest.php" line="20" assertions="2" time="0.261166"/>
        <testcase name="test_cannot_show_not_found" class="Tests\Feature\ExpenseTest" classname="Tests.Feature.ExpenseTest" file="/home/ayoub/Projects/BEWEB/invoicefit/api/tests/Feature/ExpenseTest.php" line="28" assertions="1" time="0.212883"/>
        <testcase name="test_store_valid_data" class="Tests\Feature\ExpenseTest" classname="Tests.Feature.ExpenseTest" file="/home/ayoub/Projects/BEWEB/invoicefit/api/tests/Feature/ExpenseTest.php" line="34" assertions="2" time="0.302117"/>
        <testcase name="test_cannot_store_invalid_data" class="Tests\Feature\ExpenseTest" classname="Tests.Feature.ExpenseTest" file="/home/ayoub/Projects/BEWEB/invoicefit/api/tests/Feature/ExpenseTest.php" line="46" assertions="1" time="0.203456"/>
        <testcase name="test_cannot_sotre_data_as_unauthentified" class="Tests\Feature\ExpenseTest" classname="Tests.Feature.ExpenseTest" file="/home/ayoub/Projects/BEWEB/invoicefit/api/tests/Feature/ExpenseTest.php" line="54" assertions="2" time="0.251419"/>
        <testcase name="test_update_valid_data" class="Tests\Feature\ExpenseTest" classname="Tests.Feature.ExpenseTest" file="/home/ayoub/Projects/BEWEB/invoicefit/api/tests/Feature/ExpenseTest.php" line="65" assertions="2" time="0.231169"/>
        <testcase name="test_cannot_update_invalid_data" class="Tests\Feature\ExpenseTest" classname="Tests.Feature.ExpenseTest" file="/home/ayoub/Projects/BEWEB/invoicefit/api/tests/Feature/ExpenseTest.php" line="75" assertions="1" time="0.224749"/>
        <testcase name="test_cannot_update_as_unauthentified" class="Tests\Feature\ExpenseTest" classname="Tests.Feature.ExpenseTest" file="/home/ayoub/Projects/BEWEB/invoicefit/api/tests/Feature/ExpenseTest.php" line="84" assertions="1" time="0.225053"/>
        <testcase name="test_delete" class="Tests\Feature\ExpenseTest" classname="Tests.Feature.ExpenseTest" file="/home/ayoub/Projects/BEWEB/invoicefit/api/tests/Feature/ExpenseTest.php" line="92" assertions="4" time="0.211999"/>
        <testcase name="test_cannot_delete_as_unauthentified" class="Tests\Feature\ExpenseTest" classname="Tests.Feature.ExpenseTest" file="/home/ayoub/Projects/BEWEB/invoicefit/api/tests/Feature/ExpenseTest.php" line="106" assertions="2" time="0.213437"/>
      </testsuite>
      <testsuite name="Tests\Feature\ItemCategoryTest" file="/home/ayoub/Projects/BEWEB/invoicefit/api/tests/Feature/ItemCategoryTest.php" tests="12" assertions="20" errors="0" warnings="0" failures="1" skipped="0" time="1.284081">
        <testcase name="test_datatable_can_be_created" class="Tests\Feature\ItemCategoryTest" classname="Tests.Feature.ItemCategoryTest" file="/home/ayoub/Projects/BEWEB/invoicefit/api/tests/Feature/ItemCategoryTest.php" line="7" assertions="1" time="0.120535"/>
        <testcase name="test_index" class="Tests\Feature\ItemCategoryTest" classname="Tests.Feature.ItemCategoryTest" file="/home/ayoub/Projects/BEWEB/invoicefit/api/tests/Feature/ItemCategoryTest.php" line="13" assertions="2" time="0.111926"/>
        <testcase name="test_show" class="Tests\Feature\ItemCategoryTest" classname="Tests.Feature.ItemCategoryTest" file="/home/ayoub/Projects/BEWEB/invoicefit/api/tests/Feature/ItemCategoryTest.php" line="20" assertions="2" time="0.106061"/>
        <testcase name="test_cannot_show_not_found" class="Tests\Feature\ItemCategoryTest" classname="Tests.Feature.ItemCategoryTest" file="/home/ayoub/Projects/BEWEB/invoicefit/api/tests/Feature/ItemCategoryTest.php" line="28" assertions="1" time="0.097584"/>
        <testcase name="test_store_valid_data" class="Tests\Feature\ItemCategoryTest" classname="Tests.Feature.ItemCategoryTest" file="/home/ayoub/Projects/BEWEB/invoicefit/api/tests/Feature/ItemCategoryTest.php" line="34" assertions="2" time="0.107201"/>
        <testcase name="test_cannot_store_invalid_data" class="Tests\Feature\ItemCategoryTest" classname="Tests.Feature.ItemCategoryTest" file="/home/ayoub/Projects/BEWEB/invoicefit/api/tests/Feature/ItemCategoryTest.php" line="46" assertions="1" time="0.101386"/>
        <testcase name="test_cannot_sotre_data_as_unauthentified" class="Tests\Feature\ItemCategoryTest" classname="Tests.Feature.ItemCategoryTest" file="/home/ayoub/Projects/BEWEB/invoicefit/api/tests/Feature/ItemCategoryTest.php" line="54" assertions="2" time="0.100992"/>
        <testcase name="test_update_valid_data" class="Tests\Feature\ItemCategoryTest" classname="Tests.Feature.ItemCategoryTest" file="/home/ayoub/Projects/BEWEB/invoicefit/api/tests/Feature/ItemCategoryTest.php" line="65" assertions="1" time="0.109551">
          <failure type="PHPUnit\Framework\ExpectationFailedException">Tests\Feature\ItemCategoryTest::test_update_valid_data
Response status code [400] is not a successful status code.
  Failed asserting that false is true.

/home/ayoub/Projects/BEWEB/invoicefit/api/vendor/laravel/framework/src/Illuminate/Testing/TestResponse.php:75
/home/ayoub/Projects/BEWEB/invoicefit/api/app/Traits/HasCrudTest.php:71</failure>
        </testcase>
        <testcase name="test_cannot_update_invalid_data" class="Tests\Feature\ItemCategoryTest" classname="Tests.Feature.ItemCategoryTest" file="/home/ayoub/Projects/BEWEB/invoicefit/api/tests/Feature/ItemCategoryTest.php" line="75" assertions="1" time="0.097727"/>
        <testcase name="test_cannot_update_as_unauthentified" class="Tests\Feature\ItemCategoryTest" classname="Tests.Feature.ItemCategoryTest" file="/home/ayoub/Projects/BEWEB/invoicefit/api/tests/Feature/ItemCategoryTest.php" line="84" assertions="1" time="0.102275"/>
        <testcase name="test_delete" class="Tests\Feature\ItemCategoryTest" classname="Tests.Feature.ItemCategoryTest" file="/home/ayoub/Projects/BEWEB/invoicefit/api/tests/Feature/ItemCategoryTest.php" line="92" assertions="4" time="0.113196"/>
        <testcase name="test_cannot_delete_as_unauthentified" class="Tests\Feature\ItemCategoryTest" classname="Tests.Feature.ItemCategoryTest" file="/home/ayoub/Projects/BEWEB/invoicefit/api/tests/Feature/ItemCategoryTest.php" line="106" assertions="2" time="0.115646"/>
      </testsuite>
      <testsuite name="Tests\Feature\ItemTest" file="/home/ayoub/Projects/BEWEB/invoicefit/api/tests/Feature/ItemTest.php" tests="12" assertions="21" errors="0" warnings="0" failures="0" skipped="0" time="1.599205">
        <testcase name="test_datatable_can_be_created" class="Tests\Feature\ItemTest" classname="Tests.Feature.ItemTest" file="/home/ayoub/Projects/BEWEB/invoicefit/api/tests/Feature/ItemTest.php" line="7" assertions="1" time="0.147473"/>
        <testcase name="test_index" class="Tests\Feature\ItemTest" classname="Tests.Feature.ItemTest" file="/home/ayoub/Projects/BEWEB/invoicefit/api/tests/Feature/ItemTest.php" line="13" assertions="2" time="0.122055"/>
        <testcase name="test_show" class="Tests\Feature\ItemTest" classname="Tests.Feature.ItemTest" file="/home/ayoub/Projects/BEWEB/invoicefit/api/tests/Feature/ItemTest.php" line="20" assertions="2" time="0.145346"/>
        <testcase name="test_cannot_show_not_found" class="Tests\Feature\ItemTest" classname="Tests.Feature.ItemTest" file="/home/ayoub/Projects/BEWEB/invoicefit/api/tests/Feature/ItemTest.php" line="28" assertions="1" time="0.120880"/>
        <testcase name="test_store_valid_data" class="Tests\Feature\ItemTest" classname="Tests.Feature.ItemTest" file="/home/ayoub/Projects/BEWEB/invoicefit/api/tests/Feature/ItemTest.php" line="34" assertions="2" time="0.140041"/>
        <testcase name="test_cannot_store_invalid_data" class="Tests\Feature\ItemTest" classname="Tests.Feature.ItemTest" file="/home/ayoub/Projects/BEWEB/invoicefit/api/tests/Feature/ItemTest.php" line="46" assertions="1" time="0.124384"/>
        <testcase name="test_cannot_sotre_data_as_unauthentified" class="Tests\Feature\ItemTest" classname="Tests.Feature.ItemTest" file="/home/ayoub/Projects/BEWEB/invoicefit/api/tests/Feature/ItemTest.php" line="54" assertions="2" time="0.128114"/>
        <testcase name="test_update_valid_data" class="Tests\Feature\ItemTest" classname="Tests.Feature.ItemTest" file="/home/ayoub/Projects/BEWEB/invoicefit/api/tests/Feature/ItemTest.php" line="65" assertions="2" time="0.139822"/>
        <testcase name="test_cannot_update_invalid_data" class="Tests\Feature\ItemTest" classname="Tests.Feature.ItemTest" file="/home/ayoub/Projects/BEWEB/invoicefit/api/tests/Feature/ItemTest.php" line="75" assertions="1" time="0.131714"/>
        <testcase name="test_cannot_update_as_unauthentified" class="Tests\Feature\ItemTest" classname="Tests.Feature.ItemTest" file="/home/ayoub/Projects/BEWEB/invoicefit/api/tests/Feature/ItemTest.php" line="84" assertions="1" time="0.136843"/>
        <testcase name="test_delete" class="Tests\Feature\ItemTest" classname="Tests.Feature.ItemTest" file="/home/ayoub/Projects/BEWEB/invoicefit/api/tests/Feature/ItemTest.php" line="92" assertions="4" time="0.130701"/>
        <testcase name="test_cannot_delete_as_unauthentified" class="Tests\Feature\ItemTest" classname="Tests.Feature.ItemTest" file="/home/ayoub/Projects/BEWEB/invoicefit/api/tests/Feature/ItemTest.php" line="106" assertions="2" time="0.131832"/>
      </testsuite>
      <testsuite name="Tests\Feature\NoteTest" file="/home/ayoub/Projects/BEWEB/invoicefit/api/tests/Feature/NoteTest.php" tests="12" assertions="21" errors="0" warnings="0" failures="0" skipped="0" time="1.817499">
        <testcase name="test_datatable_can_be_created" class="Tests\Feature\NoteTest" classname="Tests.Feature.NoteTest" file="/home/ayoub/Projects/BEWEB/invoicefit/api/tests/Feature/NoteTest.php" line="7" assertions="1" time="0.156347"/>
        <testcase name="test_index" class="Tests\Feature\NoteTest" classname="Tests.Feature.NoteTest" file="/home/ayoub/Projects/BEWEB/invoicefit/api/tests/Feature/NoteTest.php" line="13" assertions="2" time="0.141603"/>
        <testcase name="test_show" class="Tests\Feature\NoteTest" classname="Tests.Feature.NoteTest" file="/home/ayoub/Projects/BEWEB/invoicefit/api/tests/Feature/NoteTest.php" line="20" assertions="2" time="0.129839"/>
        <testcase name="test_cannot_show_not_found" class="Tests\Feature\NoteTest" classname="Tests.Feature.NoteTest" file="/home/ayoub/Projects/BEWEB/invoicefit/api/tests/Feature/NoteTest.php" line="28" assertions="1" time="0.146744"/>
        <testcase name="test_store_valid_data" class="Tests\Feature\NoteTest" classname="Tests.Feature.NoteTest" file="/home/ayoub/Projects/BEWEB/invoicefit/api/tests/Feature/NoteTest.php" line="34" assertions="2" time="0.146449"/>
        <testcase name="test_cannot_store_invalid_data" class="Tests\Feature\NoteTest" classname="Tests.Feature.NoteTest" file="/home/ayoub/Projects/BEWEB/invoicefit/api/tests/Feature/NoteTest.php" line="46" assertions="1" time="0.146748"/>
        <testcase name="test_cannot_sotre_data_as_unauthentified" class="Tests\Feature\NoteTest" classname="Tests.Feature.NoteTest" file="/home/ayoub/Projects/BEWEB/invoicefit/api/tests/Feature/NoteTest.php" line="54" assertions="2" time="0.156372"/>
        <testcase name="test_update_valid_data" class="Tests\Feature\NoteTest" classname="Tests.Feature.NoteTest" file="/home/ayoub/Projects/BEWEB/invoicefit/api/tests/Feature/NoteTest.php" line="65" assertions="2" time="0.146701"/>
        <testcase name="test_cannot_update_invalid_data" class="Tests\Feature\NoteTest" classname="Tests.Feature.NoteTest" file="/home/ayoub/Projects/BEWEB/invoicefit/api/tests/Feature/NoteTest.php" line="75" assertions="1" time="0.136471"/>
        <testcase name="test_cannot_update_as_unauthentified" class="Tests\Feature\NoteTest" classname="Tests.Feature.NoteTest" file="/home/ayoub/Projects/BEWEB/invoicefit/api/tests/Feature/NoteTest.php" line="84" assertions="1" time="0.154212"/>
        <testcase name="test_delete" class="Tests\Feature\NoteTest" classname="Tests.Feature.NoteTest" file="/home/ayoub/Projects/BEWEB/invoicefit/api/tests/Feature/NoteTest.php" line="92" assertions="4" time="0.213226"/>
        <testcase name="test_cannot_delete_as_unauthentified" class="Tests\Feature\NoteTest" classname="Tests.Feature.NoteTest" file="/home/ayoub/Projects/BEWEB/invoicefit/api/tests/Feature/NoteTest.php" line="106" assertions="2" time="0.142787"/>
      </testsuite>
      <testsuite name="Tests\Feature\PaymentModeTest" file="/home/ayoub/Projects/BEWEB/invoicefit/api/tests/Feature/PaymentModeTest.php" tests="12" assertions="21" errors="0" warnings="0" failures="0" skipped="0" time="1.275668">
        <testcase name="test_datatable_can_be_created" class="Tests\Feature\PaymentModeTest" classname="Tests.Feature.PaymentModeTest" file="/home/ayoub/Projects/BEWEB/invoicefit/api/tests/Feature/PaymentModeTest.php" line="7" assertions="1" time="0.140007"/>
        <testcase name="test_index" class="Tests\Feature\PaymentModeTest" classname="Tests.Feature.PaymentModeTest" file="/home/ayoub/Projects/BEWEB/invoicefit/api/tests/Feature/PaymentModeTest.php" line="13" assertions="2" time="0.104230"/>
        <testcase name="test_show" class="Tests\Feature\PaymentModeTest" classname="Tests.Feature.PaymentModeTest" file="/home/ayoub/Projects/BEWEB/invoicefit/api/tests/Feature/PaymentModeTest.php" line="20" assertions="2" time="0.099488"/>
        <testcase name="test_cannot_show_not_found" class="Tests\Feature\PaymentModeTest" classname="Tests.Feature.PaymentModeTest" file="/home/ayoub/Projects/BEWEB/invoicefit/api/tests/Feature/PaymentModeTest.php" line="28" assertions="1" time="0.110981"/>
        <testcase name="test_store_valid_data" class="Tests\Feature\PaymentModeTest" classname="Tests.Feature.PaymentModeTest" file="/home/ayoub/Projects/BEWEB/invoicefit/api/tests/Feature/PaymentModeTest.php" line="34" assertions="2" time="0.096912"/>
        <testcase name="test_cannot_store_invalid_data" class="Tests\Feature\PaymentModeTest" classname="Tests.Feature.PaymentModeTest" file="/home/ayoub/Projects/BEWEB/invoicefit/api/tests/Feature/PaymentModeTest.php" line="46" assertions="1" time="0.108076"/>
        <testcase name="test_cannot_sotre_data_as_unauthentified" class="Tests\Feature\PaymentModeTest" classname="Tests.Feature.PaymentModeTest" file="/home/ayoub/Projects/BEWEB/invoicefit/api/tests/Feature/PaymentModeTest.php" line="54" assertions="2" time="0.091720"/>
        <testcase name="test_update_valid_data" class="Tests\Feature\PaymentModeTest" classname="Tests.Feature.PaymentModeTest" file="/home/ayoub/Projects/BEWEB/invoicefit/api/tests/Feature/PaymentModeTest.php" line="65" assertions="2" time="0.101828"/>
        <testcase name="test_cannot_update_invalid_data" class="Tests\Feature\PaymentModeTest" classname="Tests.Feature.PaymentModeTest" file="/home/ayoub/Projects/BEWEB/invoicefit/api/tests/Feature/PaymentModeTest.php" line="75" assertions="1" time="0.101513"/>
        <testcase name="test_cannot_update_as_unauthentified" class="Tests\Feature\PaymentModeTest" classname="Tests.Feature.PaymentModeTest" file="/home/ayoub/Projects/BEWEB/invoicefit/api/tests/Feature/PaymentModeTest.php" line="84" assertions="1" time="0.108894"/>
        <testcase name="test_delete" class="Tests\Feature\PaymentModeTest" classname="Tests.Feature.PaymentModeTest" file="/home/ayoub/Projects/BEWEB/invoicefit/api/tests/Feature/PaymentModeTest.php" line="92" assertions="4" time="0.100524"/>
        <testcase name="test_cannot_delete_as_unauthentified" class="Tests\Feature\PaymentModeTest" classname="Tests.Feature.PaymentModeTest" file="/home/ayoub/Projects/BEWEB/invoicefit/api/tests/Feature/PaymentModeTest.php" line="106" assertions="2" time="0.111495"/>
      </testsuite>
      <testsuite name="Tests\Feature\PaymentTest" file="/home/ayoub/Projects/BEWEB/invoicefit/api/tests/Feature/PaymentTest.php" tests="12" assertions="21" errors="0" warnings="0" failures="0" skipped="0" time="2.499342">
        <testcase name="test_datatable_can_be_created" class="Tests\Feature\PaymentTest" classname="Tests.Feature.PaymentTest" file="/home/ayoub/Projects/BEWEB/invoicefit/api/tests/Feature/PaymentTest.php" line="7" assertions="1" time="0.217162"/>
        <testcase name="test_index" class="Tests\Feature\PaymentTest" classname="Tests.Feature.PaymentTest" file="/home/ayoub/Projects/BEWEB/invoicefit/api/tests/Feature/PaymentTest.php" line="13" assertions="2" time="0.208655"/>
        <testcase name="test_show" class="Tests\Feature\PaymentTest" classname="Tests.Feature.PaymentTest" file="/home/ayoub/Projects/BEWEB/invoicefit/api/tests/Feature/PaymentTest.php" line="20" assertions="2" time="0.208278"/>
        <testcase name="test_cannot_show_not_found" class="Tests\Feature\PaymentTest" classname="Tests.Feature.PaymentTest" file="/home/ayoub/Projects/BEWEB/invoicefit/api/tests/Feature/PaymentTest.php" line="28" assertions="1" time="0.208892"/>
        <testcase name="test_store_valid_data" class="Tests\Feature\PaymentTest" classname="Tests.Feature.PaymentTest" file="/home/ayoub/Projects/BEWEB/invoicefit/api/tests/Feature/PaymentTest.php" line="34" assertions="2" time="0.224852"/>
        <testcase name="test_cannot_store_invalid_data" class="Tests\Feature\PaymentTest" classname="Tests.Feature.PaymentTest" file="/home/ayoub/Projects/BEWEB/invoicefit/api/tests/Feature/PaymentTest.php" line="46" assertions="1" time="0.198626"/>
        <testcase name="test_cannot_sotre_data_as_unauthentified" class="Tests\Feature\PaymentTest" classname="Tests.Feature.PaymentTest" file="/home/ayoub/Projects/BEWEB/invoicefit/api/tests/Feature/PaymentTest.php" line="54" assertions="2" time="0.195386"/>
        <testcase name="test_update_valid_data" class="Tests\Feature\PaymentTest" classname="Tests.Feature.PaymentTest" file="/home/ayoub/Projects/BEWEB/invoicefit/api/tests/Feature/PaymentTest.php" line="65" assertions="2" time="0.221169"/>
        <testcase name="test_cannot_update_invalid_data" class="Tests\Feature\PaymentTest" classname="Tests.Feature.PaymentTest" file="/home/ayoub/Projects/BEWEB/invoicefit/api/tests/Feature/PaymentTest.php" line="75" assertions="1" time="0.194396"/>
        <testcase name="test_cannot_update_as_unauthentified" class="Tests\Feature\PaymentTest" classname="Tests.Feature.PaymentTest" file="/home/ayoub/Projects/BEWEB/invoicefit/api/tests/Feature/PaymentTest.php" line="84" assertions="1" time="0.203609"/>
        <testcase name="test_delete" class="Tests\Feature\PaymentTest" classname="Tests.Feature.PaymentTest" file="/home/ayoub/Projects/BEWEB/invoicefit/api/tests/Feature/PaymentTest.php" line="92" assertions="4" time="0.215903"/>
        <testcase name="test_cannot_delete_as_unauthentified" class="Tests\Feature\PaymentTest" classname="Tests.Feature.PaymentTest" file="/home/ayoub/Projects/BEWEB/invoicefit/api/tests/Feature/PaymentTest.php" line="106" assertions="2" time="0.202414"/>
      </testsuite>
      <testsuite name="Tests\Feature\RoleTest" file="/home/ayoub/Projects/BEWEB/invoicefit/api/tests/Feature/RoleTest.php" tests="12" assertions="21" errors="0" warnings="0" failures="0" skipped="0" time="1.102730">
        <testcase name="test_datatable_can_be_created" class="Tests\Feature\RoleTest" classname="Tests.Feature.RoleTest" file="/home/ayoub/Projects/BEWEB/invoicefit/api/tests/Feature/RoleTest.php" line="7" assertions="1" time="0.098058"/>
        <testcase name="test_index" class="Tests\Feature\RoleTest" classname="Tests.Feature.RoleTest" file="/home/ayoub/Projects/BEWEB/invoicefit/api/tests/Feature/RoleTest.php" line="13" assertions="2" time="0.091022"/>
        <testcase name="test_show" class="Tests\Feature\RoleTest" classname="Tests.Feature.RoleTest" file="/home/ayoub/Projects/BEWEB/invoicefit/api/tests/Feature/RoleTest.php" line="20" assertions="2" time="0.093747"/>
        <testcase name="test_cannot_show_not_found" class="Tests\Feature\RoleTest" classname="Tests.Feature.RoleTest" file="/home/ayoub/Projects/BEWEB/invoicefit/api/tests/Feature/RoleTest.php" line="28" assertions="1" time="0.094178"/>
        <testcase name="test_store_valid_data" class="Tests\Feature\RoleTest" classname="Tests.Feature.RoleTest" file="/home/ayoub/Projects/BEWEB/invoicefit/api/tests/Feature/RoleTest.php" line="34" assertions="2" time="0.092804"/>
        <testcase name="test_cannot_store_invalid_data" class="Tests\Feature\RoleTest" classname="Tests.Feature.RoleTest" file="/home/ayoub/Projects/BEWEB/invoicefit/api/tests/Feature/RoleTest.php" line="46" assertions="1" time="0.091561"/>
        <testcase name="test_cannot_sotre_data_as_unauthentified" class="Tests\Feature\RoleTest" classname="Tests.Feature.RoleTest" file="/home/ayoub/Projects/BEWEB/invoicefit/api/tests/Feature/RoleTest.php" line="54" assertions="2" time="0.083916"/>
        <testcase name="test_update_valid_data" class="Tests\Feature\RoleTest" classname="Tests.Feature.RoleTest" file="/home/ayoub/Projects/BEWEB/invoicefit/api/tests/Feature/RoleTest.php" line="65" assertions="2" time="0.094139"/>
        <testcase name="test_cannot_update_invalid_data" class="Tests\Feature\RoleTest" classname="Tests.Feature.RoleTest" file="/home/ayoub/Projects/BEWEB/invoicefit/api/tests/Feature/RoleTest.php" line="75" assertions="1" time="0.085924"/>
        <testcase name="test_cannot_update_as_unauthentified" class="Tests\Feature\RoleTest" classname="Tests.Feature.RoleTest" file="/home/ayoub/Projects/BEWEB/invoicefit/api/tests/Feature/RoleTest.php" line="84" assertions="1" time="0.091541"/>
        <testcase name="test_delete" class="Tests\Feature\RoleTest" classname="Tests.Feature.RoleTest" file="/home/ayoub/Projects/BEWEB/invoicefit/api/tests/Feature/RoleTest.php" line="92" assertions="4" time="0.098359"/>
        <testcase name="test_cannot_delete_as_unauthentified" class="Tests\Feature\RoleTest" classname="Tests.Feature.RoleTest" file="/home/ayoub/Projects/BEWEB/invoicefit/api/tests/Feature/RoleTest.php" line="106" assertions="2" time="0.087481"/>
      </testsuite>
      <testsuite name="Tests\Feature\TaxTest" file="/home/ayoub/Projects/BEWEB/invoicefit/api/tests/Feature/TaxTest.php" tests="12" assertions="21" errors="0" warnings="0" failures="0" skipped="0" time="1.232463">
        <testcase name="test_datatable_can_be_created" class="Tests\Feature\TaxTest" classname="Tests.Feature.TaxTest" file="/home/ayoub/Projects/BEWEB/invoicefit/api/tests/Feature/TaxTest.php" line="7" assertions="1" time="0.108977"/>
        <testcase name="test_index" class="Tests\Feature\TaxTest" classname="Tests.Feature.TaxTest" file="/home/ayoub/Projects/BEWEB/invoicefit/api/tests/Feature/TaxTest.php" line="13" assertions="2" time="0.097255"/>
        <testcase name="test_show" class="Tests\Feature\TaxTest" classname="Tests.Feature.TaxTest" file="/home/ayoub/Projects/BEWEB/invoicefit/api/tests/Feature/TaxTest.php" line="20" assertions="2" time="0.104227"/>
        <testcase name="test_cannot_show_not_found" class="Tests\Feature\TaxTest" classname="Tests.Feature.TaxTest" file="/home/ayoub/Projects/BEWEB/invoicefit/api/tests/Feature/TaxTest.php" line="28" assertions="1" time="0.102093"/>
        <testcase name="test_store_valid_data" class="Tests\Feature\TaxTest" classname="Tests.Feature.TaxTest" file="/home/ayoub/Projects/BEWEB/invoicefit/api/tests/Feature/TaxTest.php" line="34" assertions="2" time="0.106660"/>
        <testcase name="test_cannot_store_invalid_data" class="Tests\Feature\TaxTest" classname="Tests.Feature.TaxTest" file="/home/ayoub/Projects/BEWEB/invoicefit/api/tests/Feature/TaxTest.php" line="46" assertions="1" time="0.114155"/>
        <testcase name="test_cannot_sotre_data_as_unauthentified" class="Tests\Feature\TaxTest" classname="Tests.Feature.TaxTest" file="/home/ayoub/Projects/BEWEB/invoicefit/api/tests/Feature/TaxTest.php" line="54" assertions="2" time="0.091826"/>
        <testcase name="test_update_valid_data" class="Tests\Feature\TaxTest" classname="Tests.Feature.TaxTest" file="/home/ayoub/Projects/BEWEB/invoicefit/api/tests/Feature/TaxTest.php" line="65" assertions="2" time="0.109952"/>
        <testcase name="test_cannot_update_invalid_data" class="Tests\Feature\TaxTest" classname="Tests.Feature.TaxTest" file="/home/ayoub/Projects/BEWEB/invoicefit/api/tests/Feature/TaxTest.php" line="75" assertions="1" time="0.099242"/>
        <testcase name="test_cannot_update_as_unauthentified" class="Tests\Feature\TaxTest" classname="Tests.Feature.TaxTest" file="/home/ayoub/Projects/BEWEB/invoicefit/api/tests/Feature/TaxTest.php" line="84" assertions="1" time="0.099153"/>
        <testcase name="test_delete" class="Tests\Feature\TaxTest" classname="Tests.Feature.TaxTest" file="/home/ayoub/Projects/BEWEB/invoicefit/api/tests/Feature/TaxTest.php" line="92" assertions="4" time="0.100812"/>
        <testcase name="test_cannot_delete_as_unauthentified" class="Tests\Feature\TaxTest" classname="Tests.Feature.TaxTest" file="/home/ayoub/Projects/BEWEB/invoicefit/api/tests/Feature/TaxTest.php" line="106" assertions="2" time="0.098110"/>
      </testsuite>
      <testsuite name="Tests\Feature\UserTest" file="/home/ayoub/Projects/BEWEB/invoicefit/api/tests/Feature/UserTest.php" tests="5" assertions="21" errors="0" warnings="0" failures="0" skipped="0" time="1.120730">
        <testcase name="test_login" class="Tests\Feature\UserTest" classname="Tests.Feature.UserTest" file="/home/ayoub/Projects/BEWEB/invoicefit/api/tests/Feature/UserTest.php" line="28" assertions="4" time="0.350499"/>
        <testcase name="test_login_uncorrect_data" class="Tests\Feature\UserTest" classname="Tests.Feature.UserTest" file="/home/ayoub/Projects/BEWEB/invoicefit/api/tests/Feature/UserTest.php" line="46" assertions="3" time="0.124290"/>
        <testcase name="test_register_succesfull" class="Tests\Feature\UserTest" classname="Tests.Feature.UserTest" file="/home/ayoub/Projects/BEWEB/invoicefit/api/tests/Feature/UserTest.php" line="72" assertions="9" time="0.371652"/>
        <testcase name="test_register_unsuccessfull" class="Tests\Feature\UserTest" classname="Tests.Feature.UserTest" file="/home/ayoub/Projects/BEWEB/invoicefit/api/tests/Feature/UserTest.php" line="95" assertions="1" time="0.122430"/>
        <testcase name="test_logout" class="Tests\Feature\UserTest" classname="Tests.Feature.UserTest" file="/home/ayoub/Projects/BEWEB/invoicefit/api/tests/Feature/UserTest.php" line="108" assertions="4" time="0.151860"/>
      </testsuite>
      <testsuite name="Tests\Feature\VendorTest" file="/home/ayoub/Projects/BEWEB/invoicefit/api/tests/Feature/VendorTest.php" tests="12" assertions="21" errors="0" warnings="0" failures="0" skipped="0" time="1.427178">
        <testcase name="test_datatable_can_be_created" class="Tests\Feature\VendorTest" classname="Tests.Feature.VendorTest" file="/home/ayoub/Projects/BEWEB/invoicefit/api/tests/Feature/VendorTest.php" line="7" assertions="1" time="0.137274"/>
        <testcase name="test_index" class="Tests\Feature\VendorTest" classname="Tests.Feature.VendorTest" file="/home/ayoub/Projects/BEWEB/invoicefit/api/tests/Feature/VendorTest.php" line="13" assertions="2" time="0.114321"/>
        <testcase name="test_show" class="Tests\Feature\VendorTest" classname="Tests.Feature.VendorTest" file="/home/ayoub/Projects/BEWEB/invoicefit/api/tests/Feature/VendorTest.php" line="20" assertions="2" time="0.107759"/>
        <testcase name="test_cannot_show_not_found" class="Tests\Feature\VendorTest" classname="Tests.Feature.VendorTest" file="/home/ayoub/Projects/BEWEB/invoicefit/api/tests/Feature/VendorTest.php" line="28" assertions="1" time="0.106507"/>
        <testcase name="test_store_valid_data" class="Tests\Feature\VendorTest" classname="Tests.Feature.VendorTest" file="/home/ayoub/Projects/BEWEB/invoicefit/api/tests/Feature/VendorTest.php" line="34" assertions="2" time="0.118152"/>
        <testcase name="test_cannot_store_invalid_data" class="Tests\Feature\VendorTest" classname="Tests.Feature.VendorTest" file="/home/ayoub/Projects/BEWEB/invoicefit/api/tests/Feature/VendorTest.php" line="46" assertions="1" time="0.122575"/>
        <testcase name="test_cannot_sotre_data_as_unauthentified" class="Tests\Feature\VendorTest" classname="Tests.Feature.VendorTest" file="/home/ayoub/Projects/BEWEB/invoicefit/api/tests/Feature/VendorTest.php" line="54" assertions="2" time="0.114390"/>
        <testcase name="test_update_valid_data" class="Tests\Feature\VendorTest" classname="Tests.Feature.VendorTest" file="/home/ayoub/Projects/BEWEB/invoicefit/api/tests/Feature/VendorTest.php" line="65" assertions="2" time="0.135709"/>
        <testcase name="test_cannot_update_invalid_data" class="Tests\Feature\VendorTest" classname="Tests.Feature.VendorTest" file="/home/ayoub/Projects/BEWEB/invoicefit/api/tests/Feature/VendorTest.php" line="75" assertions="1" time="0.111457"/>
        <testcase name="test_cannot_update_as_unauthentified" class="Tests\Feature\VendorTest" classname="Tests.Feature.VendorTest" file="/home/ayoub/Projects/BEWEB/invoicefit/api/tests/Feature/VendorTest.php" line="84" assertions="1" time="0.124936"/>
        <testcase name="test_delete" class="Tests\Feature\VendorTest" classname="Tests.Feature.VendorTest" file="/home/ayoub/Projects/BEWEB/invoicefit/api/tests/Feature/VendorTest.php" line="92" assertions="4" time="0.128482"/>
        <testcase name="test_cannot_delete_as_unauthentified" class="Tests\Feature\VendorTest" classname="Tests.Feature.VendorTest" file="/home/ayoub/Projects/BEWEB/invoicefit/api/tests/Feature/VendorTest.php" line="106" assertions="2" time="0.105616"/>
      </testsuite>
    </testsuite>
  </testsuite>
</testsuites>
